#
# There is insufficient memory for the Java Runtime Environment to continue.
# Native memory allocation (mmap) failed to map 67108864 bytes for Failed to commit area from 0x00000000c1e00000 to 0x00000000c5e00000 of length 67108864.
# Possible reasons:
#   The system is out of physical RAM or swap space
#   The process is running with CompressedOops enabled, and the Java Heap may be blocking the growth of the native heap
# Possible solutions:
#   Reduce memory load on the system
#   Increase physical memory or swap space
#   Check if swap backing store is full
#   Decrease Java heap size (-Xmx/-Xms)
#   Decrease number of Java threads
#   Decrease Java thread stack sizes (-Xss)
#   Set larger code cache with -XX:ReservedCodeCacheSize=
# This output file may be truncated or incomplete.
#
#  Out of Memory Error (c:/tools/cygwin/home/Administrator/development/Corretto11Src/src/src/hotspot/os/windows/os_windows.cpp:3271), pid=8360, tid=10812
#
# JRE version:  (11.0.3+7) (build )
# Java VM: OpenJDK 64-Bit Server VM (11.0.3+7-LTS, mixed mode, aot, sharing, tiered, compressed oops, g1 gc, windows-amd64)
# No core dump will be written. Minidumps are not enabled by default on client versions of Windows
#

---------------  S U M M A R Y ------------

Command Line: -Dfile.encoding=Cp1252 day7.warmUp

Host: AMD A6-9220e RADEON R4, 5 COMPUTE CORES 2C+3G  , 2 cores, 3G,  Windows 10 , 64 bit Build 17134 (10.0.17134.753)
Time: Tue Jul 16 11:30:57 2019 Eastern Daylight Time elapsed time: 0 seconds (0d 0h 0m 0s)

---------------  T H R E A D  ---------------

Current thread (0x000001f75d2f2800):  JavaThread "Unknown thread" [_thread_in_vm, id=10812, stack(0x0000009fea700000,0x0000009fea800000)]

Stack: [0x0000009fea700000,0x0000009fea800000]
Native frames: (J=compiled Java code, j=interpreted, Vv=VM code, C=native code)
V  [jvm.dll+0x5d6bea]
V  [jvm.dll+0x70ac5f]
V  [jvm.dll+0x70c2eb]
V  [jvm.dll+0x70c9b3]
V  [jvm.dll+0x23f608]
V  [jvm.dll+0x5d412a]
V  [jvm.dll+0x5c9025]
V  [jvm.dll+0x2f3d1c]
V  [jvm.dll+0x2f3ba2]
V  [jvm.dll+0x2f8856]
V  [jvm.dll+0x339d3f]
V  [jvm.dll+0x339770]
V  [jvm.dll+0x2d1b98]
V  [jvm.dll+0x2d2ce6]
V  [jvm.dll+0x6e6e67]
V  [jvm.dll+0x6e85bf]
V  [jvm.dll+0x346c19]
V  [jvm.dll+0x6cdca0]
V  [jvm.dll+0x3ae01f]
V  [jvm.dll+0x3b0381]
C  [javaw.exe+0x360b]
C  [javaw.exe+0x17e3c]
C  [KERNEL32.DLL+0x14034]
C  [ntdll.dll+0x73691]


---------------  P R O C E S S  ---------------

Threads class SMR info:
_java_thread_list=0x000001f75b0d7a50, length=0, elements={
}

Java Threads: ( => current thread )

Other Threads:
  0x000001f75d307800 GCTaskThread "GC Thread#0" [stack: 0x0000009fea800000,0x0000009fea900000] [id=14328]
  0x000001f75d322000 ConcurrentGCThread "G1 Main Marker" [stack: 0x0000009fea900000,0x0000009feaa00000] [id=8968]
  0x000001f75d329800 ConcurrentGCThread "G1 Conc#0" [stack: 0x0000009feaa00000,0x0000009feab00000] [id=13372]

[error occurred during error reporting (printing all threads), id 0xc0000005, EXCEPTION_ACCESS_VIOLATION (0xc0000005) at pc=0x00007ffde64b07b7]

VM state:not at safepoint (not fully initialized)

VM Mutex/Monitor currently owned by a thread:  ([mutex/lock_event])
[0x000001f75d2ee310] Heap_lock - owner thread: 0x000001f75d2f2800

Heap address: 0x00000000c1e00000, size: 994 MB, Compressed Oops mode: Non-zero based: 0x00000000c1e00000
Narrow klass base: 0x0000000000000000, Narrow klass shift: 0

GC Heap History (0 events):
No events

Deoptimization events (0 events):
No events

Classes redefined (0 events):
No events

Internal exceptions (0 events):
No events

Events (0 events):
No events


Dynamic libraries:
0x00007ff75fdc0000 - 0x00007ff75fe06000 	C:\Program Files\Amazon Corretto\jdk11.0.3_7\bin\javaw.exe
0x00007ffe075c0000 - 0x00007ffe077a1000 	C:\Windows\SYSTEM32\ntdll.dll
0x00007ffe053b0000 - 0x00007ffe05461000 	C:\Windows\System32\KERNEL32.DLL
0x00007ffe039f0000 - 0x00007ffe03c63000 	C:\Windows\System32\KERNELBASE.dll
0x00007ffe054b0000 - 0x00007ffe05640000 	C:\Windows\System32\USER32.dll
0x00007ffe04a30000 - 0x00007ffe04a50000 	C:\Windows\System32\win32u.dll
0x00007ffe05470000 - 0x00007ffe05498000 	C:\Windows\System32\GDI32.dll
0x00007ffe03eb0000 - 0x00007ffe04041000 	C:\Windows\System32\gdi32full.dll
0x00007ffe04150000 - 0x00007ffe041ef000 	C:\Windows\System32\msvcp_win.dll
0x00007ffe04050000 - 0x00007ffe04148000 	C:\Windows\System32\ucrtbase.dll
0x00007ffdf8720000 - 0x00007ffdf8989000 	C:\Windows\WinSxS\amd64_microsoft.windows.common-controls_6595b64144ccf1df_6.0.17134.829_none_fb46a5473061b9d5\COMCTL32.dll
0x00007ffe05310000 - 0x00007ffe053ae000 	C:\Windows\System32\msvcrt.dll
0x00007ffe04fd0000 - 0x00007ffe052f2000 	C:\Windows\System32\combase.dll
0x00007ffe04ab0000 - 0x00007ffe04bd4000 	C:\Windows\System32\RPCRT4.dll
0x00007ffe049b0000 - 0x00007ffe04a2a000 	C:\Windows\System32\bcryptPrimitives.dll
0x00007ffe05d90000 - 0x00007ffe05dbd000 	C:\Windows\System32\IMM32.DLL
0x00007ffdff0e0000 - 0x00007ffdff0f5000 	C:\Program Files\Amazon Corretto\jdk11.0.3_7\bin\vcruntime140.dll
0x00007ffdfb370000 - 0x00007ffdfb40b000 	C:\Program Files\Amazon Corretto\jdk11.0.3_7\bin\msvcp140.dll
0x00007ffde61d0000 - 0x00007ffde6c83000 	C:\Program Files\Amazon Corretto\jdk11.0.3_7\bin\server\jvm.dll
0x00007ffe05dc0000 - 0x00007ffe05e61000 	C:\Windows\System32\ADVAPI32.dll
0x00007ffe04e40000 - 0x00007ffe04e9b000 	C:\Windows\System32\sechost.dll
0x00007ffe054a0000 - 0x00007ffe054a8000 	C:\Windows\System32\PSAPI.DLL
0x00007ffdfad70000 - 0x00007ffdfad79000 	C:\Windows\SYSTEM32\WSOCK32.dll
0x00007ffe05870000 - 0x00007ffe058dc000 	C:\Windows\System32\WS2_32.dll
0x00007ffdf49e0000 - 0x00007ffdf4a03000 	C:\Windows\SYSTEM32\WINMM.dll
0x00007ffdf9410000 - 0x00007ffdf941a000 	C:\Windows\SYSTEM32\VERSION.dll
0x00007ffdf4410000 - 0x00007ffdf443a000 	C:\Windows\SYSTEM32\WINMMBASE.dll
0x00007ffe03c70000 - 0x00007ffe03cb9000 	C:\Windows\System32\cfgmgr32.dll
0x00007ffe038d0000 - 0x00007ffe038e1000 	C:\Windows\System32\kernel.appcore.dll
0x00007ffdff3b0000 - 0x00007ffdff3c0000 	C:\Program Files\Amazon Corretto\jdk11.0.3_7\bin\verify.dll
0x00007ffdfddf0000 - 0x00007ffdfdfb9000 	C:\Windows\SYSTEM32\DBGHELP.DLL
0x00007ffdfe010000 - 0x00007ffdfe039000 	C:\Windows\SYSTEM32\dbgcore.DLL
0x00007ffdfe290000 - 0x00007ffdfe2b8000 	C:\Program Files\Amazon Corretto\jdk11.0.3_7\bin\java.dll
0x00007ffdfe270000 - 0x00007ffdfe286000 	C:\Program Files\Amazon Corretto\jdk11.0.3_7\bin\zip.dll
0x00007ffdff2c0000 - 0x00007ffdff2ca000 	C:\Program Files\Amazon Corretto\jdk11.0.3_7\bin\jimage.dll

dbghelp: loaded successfully - version: 4.0.5 - missing functions: none
symbol engine: initialized successfully - sym options: 0x614 - pdb path: .;C:\Program Files\Amazon Corretto\jdk11.0.3_7\bin;C:\Windows\SYSTEM32;C:\Windows\WinSxS\amd64_microsoft.windows.common-controls_6595b64144ccf1df_6.0.17134.829_none_fb46a5473061b9d5;C:\Program Files\Amazon Corretto\jdk11.0.3_7\bin\server

VM Arguments:
jvm_args: -Dfile.encoding=Cp1252 
java_command: day7.warmUp
java_class_path (initial): C:\Users\TEMP.MACK-01.001\eclipse-workspace\week2\bin
Launcher Type: SUN_STANDARD

[Global flags]
     intx CICompilerCount                          = 2                                         {product} {ergonomic}
     uint ConcGCThreads                            = 1                                         {product} {ergonomic}
     uint G1ConcRefinementThreads                  = 2                                         {product} {ergonomic}
   size_t G1HeapRegionSize                         = 1048576                                   {product} {ergonomic}
    uintx GCDrainStackTargetSize                   = 64                                        {product} {ergonomic}
   size_t InitialHeapSize                          = 67108864                                  {product} {ergonomic}
   size_t MarkStackSize                            = 4194304                                   {product} {ergonomic}
   size_t MaxHeapSize                              = 1042284544                                {product} {ergonomic}
   size_t MinHeapDeltaBytes                        = 1048576                                   {product} {ergonomic}
    uintx NonNMethodCodeHeapSize                   = 5824844                                {pd product} {ergonomic}
    uintx NonProfiledCodeHeapSize                  = 122916698                              {pd product} {ergonomic}
    uintx ProfiledCodeHeapSize                     = 122916698                              {pd product} {ergonomic}
    uintx ReservedCodeCacheSize                    = 251658240                              {pd product} {ergonomic}
     bool SegmentedCodeCache                       = true                                      {product} {ergonomic}
     bool UseCompressedClassPointers               = true                                 {lp64_product} {ergonomic}
     bool UseCompressedOops                        = true                                 {lp64_product} {ergonomic}
     bool UseG1GC                                  = true                                      {product} {ergonomic}
     bool UseLargePagesIndividualAllocation        = false                                  {pd product} {ergonomic}

Logging:
Log output configuration:
 #0: stdout all=warning uptime,level,tags
 #1: stderr all=off uptime,level,tags

Environment Variables:
JAVA_HOME=C:\Program Files\Amazon Corretto\jdk11.0.3_7
PATH=C:/Program Files/Amazon Corretto/jdk11.0.3_7/bin/server;C:/Program Files/Amazon Corretto/jdk11.0.3_7/bin;C:\Program Files\Amazon Corretto\jdk11.0.3_7\bin;C:\Program Files\AdoptOpenJDK\jre-11.0.3.7-hotspot\bin;C:\Windows\system32;C:\Windows;C:\Windows\System32\Wbem;C:\Windows\System32\WindowsPowerShell\v1.0\;C:\Windows\System32\OpenSSH\;C:\Users\TEMP.MACK-01.001\AppData\Local\Microsoft\WindowsApps;;C:\eclipse;
USERNAME=Mack-01
OS=Windows_NT
PROCESSOR_IDENTIFIER=AMD64 Family 21 Model 112 Stepping 0, AuthenticAMD



---------------  S Y S T E M  ---------------

OS: Windows 10 , 64 bit Build 17134 (10.0.17134.753)

CPU:total 2 (initial active 2) (2 cores per cpu, 1 threads per core) family 21 model 112 stepping 0, cmov, cx8, fxsr, mmx, sse, sse2, sse3, ssse3, sse4.1, sse4.2, popcnt, avx, avx2, aes, clmul, mmxext, 3dnowpref, lzcnt, sse4a, tsc, tscinvbit, tscinv, bmi1, bmi2, fma

Memory: 4k page, system-wide physical 3974M (979M free)
TotalPageFile size 5408M (AvailPageFile size 60M)
current process WorkingSet (physical memory assigned to process): 9M, peak: 9M
current process commit charge ("private bytes"): 47M, peak: 111M

vm_info: OpenJDK 64-Bit Server VM (11.0.3+7-LTS) for windows-amd64 JRE (11.0.3+7-LTS), built on Apr  6 2019 05:21:17 by "Administrator" with unknown MS VC++:1916

END.
